\BOOKMARK [1][-]{section.1}{\376\377\000I\000n\000t\000r\000o\000d\000u\000c\000c\000i\000\363\000n}{}% 1
\BOOKMARK [2][-]{subsection.1.1}{\376\377\000N\000o\000d\000e\000.\000j\000s}{section.1}% 2
\BOOKMARK [2][-]{subsection.1.2}{\376\377\000A\000j\000a\000x}{section.1}% 3
\BOOKMARK [2][-]{subsection.1.3}{\376\377\000J\000s\000o\000n}{section.1}% 4
\BOOKMARK [2][-]{subsection.1.4}{\376\377\000S\000Q\000L}{section.1}% 5
\BOOKMARK [2][-]{subsection.1.5}{\376\377\000m\000y\000S\000Q\000L}{section.1}% 6
\BOOKMARK [1][-]{section.2}{\376\377\000O\000b\000j\000e\000t\000i\000v\000o\000s}{}% 7
\BOOKMARK [1][-]{section.3}{\376\377\000T\000a\000r\000e\000a}{}% 8
\BOOKMARK [1][-]{section.4}{\376\377\000E\000n\000t\000r\000e\000g\000a\000b\000l\000e\000s}{}% 9
\BOOKMARK [1][-]{section.5}{\376\377\000E\000q\000u\000i\000p\000o\000s\000,\000\040\000m\000a\000t\000e\000r\000i\000a\000l\000e\000s\000\040\000y\000\040\000t\000e\000m\000a\000s\000\040\000u\000t\000i\000l\000i\000z\000a\000d\000o\000s}{}% 10
\BOOKMARK [1][-]{section.6}{\376\377\000U\000R\000L\000\040\000d\000e\000\040\000R\000e\000p\000o\000s\000i\000t\000o\000r\000i\000o\000\040\000G\000i\000t\000h\000u\000b}{}% 11
\BOOKMARK [1][-]{section.7}{\376\377\000L\000i\000n\000k\000\040\000d\000e\000\040\000V\000i\000d\000e\000o}{}% 12
\BOOKMARK [1][-]{section.8}{\376\377\000M\000e\000t\000o\000d\000o\000l\000o\000g\000\355\000a}{}% 13
\BOOKMARK [2][-]{subsection.8.1}{\376\377\000C\000r\000e\000a\000c\000i\000\363\000n\000\040\000d\000e\000l\000\040\000e\000n\000t\000o\000r\000n\000o\000\040\000d\000e\000\040\000t\000r\000a\000b\000a\000j\000o}{section.8}% 14
\BOOKMARK [3][-]{subsubsection.8.1.1}{\376\377\000C\000r\000e\000a\000c\000i\000\363\000n\000\040\000d\000e\000\040\000c\000a\000r\000p\000e\000t\000a\000s}{subsection.8.1}% 15
\BOOKMARK [3][-]{subsubsection.8.1.2}{\376\377\000I\000n\000s\000t\000a\000l\000a\000r\000\040\000m\000o\000d\000u\000l\000o\000s\000\040\000n\000e\000c\000e\000s\000a\000r\000i\000o\000s}{subsection.8.1}% 16
\BOOKMARK [2][-]{subsection.8.2}{\376\377\000U\000s\000o\000\040\000d\000e\000\040\000X\000a\000m\000p\000p}{section.8}% 17
\BOOKMARK [3][-]{subsubsection.8.2.1}{\376\377\000D\000e\000s\000c\000r\000i\000p\000c\000i\000\363\000n}{subsection.8.2}% 18
\BOOKMARK [3][-]{subsubsection.8.2.2}{\376\377\000A\000c\000t\000i\000v\000a\000r\000\040\000p\000u\000e\000r\000t\000o\000s\000\040\000m\000y\000s\000q\000l\000\040\000y\000\040\000a\000p\000a\000c\000h\000e\000\040\000d\000e\000\040\000x\000a\000m\000p\000p}{subsection.8.2}% 19
\BOOKMARK [3][-]{subsubsection.8.2.3}{\376\377\000U\000s\000o\000\040\000d\000e\000l\000\040\000a\000r\000c\000h\000i\000v\000o\000\040\000i\000m\000d\000b\000.\000d\000b}{subsection.8.2}% 20
\BOOKMARK [1][-]{section.9}{\376\377\000D\000e\000s\000a\000r\000r\000o\000l\000l\000o\000\040\000d\000e\000l\000\040\000t\000r\000a\000b\000a\000j\000o}{}% 21
\BOOKMARK [2][-]{subsection.9.1}{\376\377\000A\000r\000c\000h\000i\000v\000o\000\040\000i\000n\000d\000e\000x\000.\000j\000s\000\040\000\050\000P\000a\000r\000t\000e\000\040\000-\000\040\000S\000e\000r\000v\000i\000d\000o\000r\000\051}{section.9}% 22
\BOOKMARK [3][-]{subsubsection.9.1.1}{\376\377\000F\000r\000a\000g\000m\000e\000n\000t\000o\000s\000\040\000d\000e\000l\000\040\000C\000\363\000d\000i\000g\000o}{subsection.9.1}% 23
\BOOKMARK [2][-]{subsection.9.2}{\376\377\000A\000r\000c\000h\000i\000v\000o\000\040\000i\000n\000d\000e\000x\000.\000h\000t\000m\000l}{section.9}% 24
\BOOKMARK [3][-]{subsubsection.9.2.1}{\376\377\000F\000r\000a\000g\000m\000e\000n\000t\000o\000s\000\040\000d\000e\000l\000\040\000C\000\363\000d\000i\000g\000o}{subsection.9.2}% 25
\BOOKMARK [2][-]{subsection.9.3}{\376\377\000A\000r\000c\000h\000i\000v\000o\000\040\000p\000r\000o\000g\000r\000a\000m\000a\000.\000j\000s\000\040\000\050\000S\000e\000\040\000c\000r\000e\000o\000\040\000d\000i\000r\000e\000c\000t\000o\000r\000i\000o\000\040\000'\000p\000u\000b\000'\000\040\000=\000>\000P\000a\000r\000t\000e\000\040\000-\000\040\000C\000l\000i\000e\000n\000t\000e\000\051}{section.9}% 26
\BOOKMARK [3][-]{subsubsection.9.3.1}{\376\377\000F\000r\000a\000g\000m\000e\000n\000t\000o\000s\000\040\000d\000e\000l\000\040\000C\000\363\000d\000i\000g\000o}{subsection.9.3}% 27
\BOOKMARK [2][-]{subsection.9.4}{\376\377\000E\000s\000t\000i\000l\000o\000s\000\040\000\050\000E\000n\000\040\000e\000l\000\040\000d\000i\000r\000e\000c\000t\000o\000r\000i\000o\000\040\000'\000p\000u\000b\000'\000\051}{section.9}% 28
\BOOKMARK [2][-]{subsection.9.5}{\376\377\000E\000j\000e\000c\000u\000c\000i\000\363\000n}{section.9}% 29
\BOOKMARK [2][-]{subsection.9.6}{\376\377\000U\000s\000o\000\040\000d\000e\000\040\000G\000i\000t\000H\000u\000b}{section.9}% 30
\BOOKMARK [3][-]{subsubsection.9.6.1}{\376\377\000U\000s\000u\000a\000r\000i\000o\000\040\000d\000e\000\040\000G\000i\000t\000H\000u\000b}{subsection.9.6}% 31
\BOOKMARK [3][-]{subsubsection.9.6.2}{\376\377\000C\000r\000e\000a\000c\000i\000\363\000n\000\040\000d\000e\000\040\000u\000n\000\040\000N\000u\000e\000v\000o\000\040\000R\000e\000p\000o\000s\000i\000t\000o\000r\000i\000o}{subsection.9.6}% 32
\BOOKMARK [3][-]{subsubsection.9.6.3}{\376\377\000C\000o\000m\000a\000n\000d\000o\000s\000\040\000d\000e\000\040\000C\000o\000n\000f\000i\000g\000u\000r\000a\000c\000i\000\363\000n}{subsection.9.6}% 33
\BOOKMARK [3][-]{subsubsection.9.6.4}{\376\377\000I\000m\000p\000l\000e\000m\000e\000n\000t\000a\000c\000i\000\363\000n\000\040\000d\000e\000\040\000R\000e\000a\000d\000m\000e\000.\000m\000d}{subsection.9.6}% 34
\BOOKMARK [3][-]{subsubsection.9.6.5}{\376\377\000R\000e\000g\000i\000s\000t\000r\000o\000\040\000d\000e\000\040\000c\000a\000m\000b\000i\000o\000s\000\040\000e\000n\000\040\000m\000i\000\040\000c\000\363\000d\000i\000g\000o}{subsection.9.6}% 35
\BOOKMARK [3][-]{subsubsection.9.6.6}{\376\377\000R\000e\000p\000o\000s\000i\000t\000o\000r\000i\000o}{subsection.9.6}% 36
\BOOKMARK [3][-]{subsubsection.9.6.7}{\376\377\000P\000r\000o\000y\000e\000c\000t\000o\000\040\000c\000o\000m\000p\000a\000r\000t\000i\000d\000o\000\040\000c\000o\000n\000\040\000e\000l\000\040\000p\000r\000o\000f\000e\000s\000o\000r\000\040\000d\000e\000\040\000g\000i\000t\000h\000u\000b}{subsection.9.6}% 37
\BOOKMARK [1][-]{section.10}{\376\377\000R\000e\000c\000o\000m\000e\000n\000s\000a\000c\000i\000o\000n\000e\000s}{}% 38
\BOOKMARK [1][-]{section.11}{\376\377\000C\000o\000n\000c\000l\000u\000s\000i\000o\000n\000e\000s}{}% 39
\BOOKMARK [2][-]{subsection.11.1}{\376\377\000R\000\372\000b\000r\000i\000c\000a\000\040\000p\000a\000r\000a\000\040\000e\000l\000\040\000c\000o\000n\000t\000e\000n\000i\000d\000o\000\040\000d\000e\000l\000\040\000I\000n\000f\000o\000r\000m\000e\000\040\000y\000\040\000d\000e\000m\000o\000s\000t\000r\000a\000c\000i\000\363\000n}{section.11}% 40
\BOOKMARK [1][-]{section.12}{\376\377\000R\000e\000f\000e\000r\000e\000n\000c\000i\000a\000s}{}% 41
